[WARNING] 
[WARNING] Some problems were encountered while building the effective settings
[WARNING] Unrecognised tag: 'profile' (position: START_TAG seen ...<!-- java\u7248\u672c --> \n    <profile>... @265:14)  @ C:\apache-maven-3.9.12\conf\settings.xml, line 265, column 14
[WARNING] 
[INFO] Scanning for projects...
[INFO] 
[INFO] -----------------< com.photo:photo-management-system >------------------
[INFO] Building photo-management-system 0.0.1-SNAPSHOT
[INFO]   from pom.xml
[INFO] --------------------------------[ jar ]---------------------------------
[INFO] 
[INFO] >>> spring-boot:3.2.0:run (default-cli) > test-compile @ photo-management-system >>>
[WARNING] The artifact mysql:mysql-connector-java:jar:8.0.33 has been relocated to com.mysql:mysql-connector-j:jar:8.0.33: MySQL Connector/J artifacts moved to reverse-DNS compliant Maven 2+ coordinates.
[INFO] 
[INFO] --- resources:3.3.1:resources (default-resources) @ photo-management-system ---
[INFO] Copying 1 resource from src\main\resources to target\classes
[INFO] Copying 0 resource from src\main\resources to target\classes
[INFO] 
[INFO] --- compiler:3.11.0:compile (default-compile) @ photo-management-system ---
[INFO] Nothing to compile - all classes are up to date
[INFO] 
[INFO] --- resources:3.3.1:testResources (default-testResources) @ photo-management-system ---
[INFO] skip non existing resourceDirectory C:\Users\Simo\IdeaProjects\version1\backend\src\test\resources
[INFO] 
[INFO] --- compiler:3.11.0:testCompile (default-testCompile) @ photo-management-system ---
[INFO] Nothing to compile - all classes are up to date
[INFO] 
[INFO] <<< spring-boot:3.2.0:run (default-cli) < test-compile @ photo-management-system <<<
[INFO] 
[INFO] 
[INFO] --- spring-boot:3.2.0:run (default-cli) @ photo-management-system ---
[INFO] Attaching agents: []

  .   ____          _            __ _ _
 /\\ / ___'_ __ _ _(_)_ __  __ _ \ \ \ \
( ( )\___ | '_ | '_| | '_ \/ _` | \ \ \ \
 \\/  ___)| |_)| | | | | || (_| |  ) ) ) )
  '  |____| .__|_| |_|_| |_\__, | / / / /
 =========|_|==============|___/=/_/_/_/
 :: Spring Boot ::                (v3.2.0)

2026-03-24T23:30:18.685+08:00  INFO 5780 --- [           main] com.photo.PhotoManagementApplication     : Starting PhotoManagementApplication using Java 21.0.9 with PID 5780 (C:\Users\Simo\IdeaProjects\version1\backend\target\classes started by Simo in C:\Users\Simo\IdeaProjects\version1\backend)
2026-03-24T23:30:18.687+08:00 DEBUG 5780 --- [           main] com.photo.PhotoManagementApplication     : Running with Spring Boot v3.2.0, Spring v6.1.1
2026-03-24T23:30:18.687+08:00  INFO 5780 --- [           main] com.photo.PhotoManagementApplication     : No active profile set, falling back to 1 default profile: "default"
2026-03-24T23:30:19.378+08:00  INFO 5780 --- [           main] .s.d.r.c.RepositoryConfigurationDelegate : Bootstrapping Spring Data JPA repositories in DEFAULT mode.
2026-03-24T23:30:19.463+08:00  INFO 5780 --- [           main] .s.d.r.c.RepositoryConfigurationDelegate : Finished Spring Data repository scanning in 74 ms. Found 2 JPA repository interfaces.
2026-03-24T23:30:20.227+08:00  INFO 5780 --- [           main] o.s.b.w.embedded.tomcat.TomcatWebServer  : Tomcat initialized with port 8080 (http)
2026-03-24T23:30:20.242+08:00  INFO 5780 --- [           main] o.apache.catalina.core.StandardService   : Starting service [Tomcat]
2026-03-24T23:30:20.242+08:00  INFO 5780 --- [           main] o.apache.catalina.core.StandardEngine    : Starting Servlet engine: [Apache Tomcat/10.1.16]
2026-03-24T23:30:20.342+08:00  INFO 5780 --- [           main] o.a.c.c.C.[Tomcat].[localhost].[/]       : Initializing Spring embedded WebApplicationContext
2026-03-24T23:30:20.345+08:00  INFO 5780 --- [           main] w.s.c.ServletWebServerApplicationContext : Root WebApplicationContext: initialization completed in 1608 ms
2026-03-24T23:30:20.424+08:00 DEBUG 5780 --- [           main] c.photo.config.JwtAuthenticationFilter   : Filter 'jwtAuthenticationFilter' configured for use
2026-03-24T23:30:20.582+08:00  INFO 5780 --- [           main] o.hibernate.jpa.internal.util.LogHelper  : HHH000204: Processing PersistenceUnitInfo [name: default]
2026-03-24T23:30:20.642+08:00  INFO 5780 --- [           main] org.hibernate.Version                    : HHH000412: Hibernate ORM core version 6.3.1.Final
2026-03-24T23:30:20.674+08:00  INFO 5780 --- [           main] o.h.c.internal.RegionFactoryInitiator    : HHH000026: Second-level cache disabled
2026-03-24T23:30:20.946+08:00  INFO 5780 --- [           main] o.s.o.j.p.SpringPersistenceUnitInfo      : No LoadTimeWeaver setup: ignoring JPA class transformer
2026-03-24T23:30:20.965+08:00  INFO 5780 --- [           main] com.zaxxer.hikari.HikariDataSource       : HikariPool-1 - Starting...
2026-03-24T23:30:21.132+08:00  INFO 5780 --- [           main] com.zaxxer.hikari.pool.HikariPool        : HikariPool-1 - Added connection com.mysql.cj.jdbc.ConnectionImpl@29b5533
2026-03-24T23:30:21.135+08:00  INFO 5780 --- [           main] com.zaxxer.hikari.HikariDataSource       : HikariPool-1 - Start completed.
2026-03-24T23:30:21.211+08:00  WARN 5780 --- [           main] org.hibernate.orm.deprecation            : HHH90000025: MySQLDialect does not need to be specified explicitly using 'hibernate.dialect' (remove the property setting and it will be selected by default)
2026-03-24T23:30:22.234+08:00  INFO 5780 --- [           main] o.h.e.t.j.p.i.JtaPlatformInitiator       : HHH000489: No JTA platform available (set 'hibernate.transaction.jta.platform' to enable JTA platform integration)
2026-03-24T23:30:22.315+08:00  INFO 5780 --- [           main] j.LocalContainerEntityManagerFactoryBean : Initialized JPA EntityManagerFactory for persistence unit 'default'
2026-03-24T23:30:22.756+08:00  INFO 5780 --- [           main] o.s.d.j.r.query.QueryEnhancerFactory     : Hibernate is in classpath; If applicable, HQL parser will be used.
2026-03-24T23:30:23.218+08:00  WARN 5780 --- [           main] JpaBaseConfiguration$JpaWebConfiguration : spring.jpa.open-in-view is enabled by default. Therefore, database queries may be performed during view rendering. Explicitly configure spring.jpa.open-in-view to disable this warning
2026-03-24T23:30:23.447+08:00 DEBUG 5780 --- [           main] s.w.s.m.m.a.RequestMappingHandlerMapping : 12 mappings in 'requestMappingHandlerMapping'
2026-03-24T23:30:23.550+08:00 DEBUG 5780 --- [           main] o.s.w.s.handler.SimpleUrlHandlerMapping  : Patterns [/webjars/**, /**] in 'resourceHandlerMapping'
2026-03-24T23:30:23.576+08:00  INFO 5780 --- [           main] o.s.s.web.DefaultSecurityFilterChain     : Will secure any request with [org.springframework.security.web.session.DisableEncodeUrlFilter@43ac3b45, org.springframework.security.web.context.request.async.WebAsyncManagerIntegrationFilter@5ded2dfc, org.springframework.security.web.context.SecurityContextHolderFilter@6d598162, org.springframework.security.web.header.HeaderWriterFilter@5d6d6533, org.springframework.web.filter.CorsFilter@22ac1a0d, org.springframework.security.web.authentication.logout.LogoutFilter@30ee413a, com.photo.config.JwtAuthenticationFilter@4f654cee, org.springframework.security.web.savedrequest.RequestCacheAwareFilter@5b285847, org.springframework.security.web.servletapi.SecurityContextHolderAwareRequestFilter@57af157c, org.springframework.security.web.authentication.AnonymousAuthenticationFilter@1895f7fe, org.springframework.security.web.session.SessionManagementFilter@407956a5, org.springframework.security.web.access.ExceptionTranslationFilter@5c452e69, org.springframework.security.web.access.intercept.AuthorizationFilter@393b99d]
2026-03-24T23:30:23.653+08:00 DEBUG 5780 --- [           main] s.w.s.m.m.a.RequestMappingHandlerAdapter : ControllerAdvice beans: 0 @ModelAttribute, 0 @InitBinder, 1 RequestBodyAdvice, 1 ResponseBodyAdvice
2026-03-24T23:30:23.690+08:00 DEBUG 5780 --- [           main] .m.m.a.ExceptionHandlerExceptionResolver : ControllerAdvice beans: 0 @ExceptionHandler, 1 ResponseBodyAdvice
2026-03-24T23:30:23.808+08:00  WARN 5780 --- [           main] ConfigServletWebServerApplicationContext : Exception encountered during context initialization - cancelling refresh attempt: org.springframework.context.ApplicationContextException: Failed to start bean 'webServerStartStop'
2026-03-24T23:30:23.811+08:00  INFO 5780 --- [           main] j.LocalContainerEntityManagerFactoryBean : Closing JPA EntityManagerFactory for persistence unit 'default'
2026-03-24T23:30:23.811+08:00  INFO 5780 --- [           main] com.zaxxer.hikari.HikariDataSource       : HikariPool-1 - Shutdown initiated...
2026-03-24T23:30:23.820+08:00  INFO 5780 --- [           main] com.zaxxer.hikari.HikariDataSource       : HikariPool-1 - Shutdown completed.
2026-03-24T23:30:23.832+08:00  INFO 5780 --- [           main] .s.b.a.l.ConditionEvaluationReportLogger : 

Error starting ApplicationContext. To display the condition evaluation report re-run your application with 'debug' enabled.
2026-03-24T23:30:23.846+08:00 ERROR 5780 --- [           main] o.s.b.d.LoggingFailureAnalysisReporter   : 

***************************
APPLICATION FAILED TO START
***************************

Description:

Web server failed to start. Port 8080 was already in use.

Action:

Identify and stop the process that's listening on port 8080 or configure this application to listen on another port.

[INFO] ------------------------------------------------------------------------
[INFO] BUILD FAILURE
[INFO] ------------------------------------------------------------------------
[INFO] Total time:  8.322 s
[INFO] Finished at: 2026-03-24T23:30:23+08:00
[INFO] ------------------------------------------------------------------------
[ERROR] Failed to execute goal org.springframework.boot:spring-boot-maven-plugin:3.2.0:run (default-cli) on project photo-management-system: Process terminated with exit code: 1 -> [Help 1]
[ERROR] 
[ERROR] To see the full stack trace of the errors, re-run Maven with the -e switch.
[ERROR] Re-run Maven using the -X switch to enable full debug logging.
[ERROR] 
[ERROR] For more information about the errors and possible solutions, please read the following articles:
[ERROR] [Help 1] http://cwiki.apache.org/confluence/display/MAVEN/MojoExecutionException
